\BOOKMARK [0][-]{section*.1}{Muon Detection: Flux and Lifetime}{}% 1
\BOOKMARK [1][-]{section*.2}{Report Expectations}{section*.1}% 2
\BOOKMARK [1][-]{section*.3}{Introduction}{section*.1}% 3
\BOOKMARK [2][-]{section*.4}{Production and Trajectory}{section*.3}% 4
\BOOKMARK [2][-]{section*.6}{Decay}{section*.3}% 5
\BOOKMARK [2][-]{section*.7}{Detection}{section*.3}% 6
\BOOKMARK [2][-]{section*.8}{Signal Management}{section*.3}% 7
\BOOKMARK [1][-]{section*.9}{Saftey}{section*.1}% 8
\BOOKMARK [1][-]{section*.10}{Theory and Models}{section*.1}% 9
\BOOKMARK [2][-]{section*.11}{Particle Decay and Arrival: Poisson Statistics}{section*.10}% 10
\BOOKMARK [2][-]{section*.12}{Mathematically Describing Random Processes}{section*.10}% 11
\BOOKMARK [3][-]{section*.14}{Modeling Particle Arrival}{section*.12}% 12
\BOOKMARK [2][-]{section*.15}{ Modeling the Decay of a Single Muon}{section*.10}% 13
\BOOKMARK [3][-]{section*.16}{Advanced: Modeling the Decay of Multiple Muons}{section*.15}% 14
\BOOKMARK [2][-]{section*.17}{Corrections: Relativistic Energies and Scattering}{section*.10}% 15
\BOOKMARK [1][-]{section*.18}{Experimental Procedure Guide}{section*.1}% 16
\BOOKMARK [2][-]{section*.19}{Understanding your Equipment}{section*.18}% 17
\BOOKMARK [3][-]{section*.20}{Detector Basics}{section*.19}% 18
\BOOKMARK [3][-]{section*.21}{Advanced Techniques}{section*.19}% 19
\BOOKMARK [2][-]{section*.22}{Angular Distribution of Muon Flux}{section*.18}% 20
\BOOKMARK [2][-]{section*.23}{Muon Lifetime}{section*.18}% 21
\BOOKMARK [1][-]{section*.24}{Pre-Lab Work}{section*.1}% 22
\BOOKMARK [2][-]{section*.25}{Saftey \(5 points\)}{section*.24}% 23
\BOOKMARK [2][-]{section*.26}{Theory \(10 points\)}{section*.24}% 24
\BOOKMARK [2][-]{section*.27}{Apparatus \(10 points\)}{section*.24}% 25
\BOOKMARK [1][-]{section*.28}{Solution Manual}{section*.1}% 26
